<?xml version="1.0" encoding="UTF-8"?>
<testng-results skipped="0" failed="0" ignored="0" total="1" passed="1">
  <reporter-output>
  </reporter-output>
  <suite name="Default suite" duration-ms="5540" started-at="2023-05-23T23:41:21 IST" finished-at="2023-05-23T23:41:27 IST">
    <groups>
    </groups>
    <test name="Default test" duration-ms="5540" started-at="2023-05-23T23:41:21 IST" finished-at="2023-05-23T23:41:27 IST">
      <class name="com.restassured.practise.get">
        <test-method status="PASS" signature="tc1()[pri:0, instance:com.restassured.practise.get@57855c9a]" name="tc1" duration-ms="5369" started-at="2023-05-23T23:41:21 IST" finished-at="2023-05-23T23:41:27 IST">
          <reporter-output>
          </reporter-output>
        </test-method> <!-- tc1 -->
      </class> <!-- com.restassured.practise.get -->
    </test> <!-- Default test -->
  </suite> <!-- Default suite -->
</testng-results>
